2019-03-02 09:43:16 - [menu] - Acceso al Menu Principal.
2019-03-02 09:53:57 - [ApacheVirtualHost] - se han obtenido correctamente los datos para el dominio www.prueba2.com
2019-03-02 09:53:57 - [ApacheVirtualHost] - Fichero de configuración para el dominio www.prueba2.com generada correctamente.
2019-03-02 09:53:57 - [ApacheVirtualHost] - El usuario prueba2 con password r9Tw0sFI para el dominio www.prueba2.com ha sido creado correctamente
2019-03-02 09:53:57 - [ApacheVirtualHost] - Se ha configurado correctamente el dominio www.prueba2.com
2019-03-02 09:53:58 - [ApacheVirtualHost] - Configuración de apache completa para el dominio www.prueba2.com (http://www.prueba2.com)
2019-03-02 10:00:25 - [menu] - Acceso al Menu Principal.
2019-03-02 10:00:56 - [menu] - Acceso al Menu Principal.
2019-03-02 10:01:42 - [menu] - Acceso al Menu Principal.
2019-03-02 10:02:03 - [ApacheVirtualHost] - se han obtenido correctamente los datos para el dominio www.bonnie.com
2019-03-02 10:02:03 - [ApacheVirtualHost] - Fichero de configuración para el dominio www.bonnie.com generada correctamente.
2019-03-02 10:02:03 - [ApacheVirtualHost] - El usuario bonnie con password kfebIUVG para el dominio www.bonnie.com ha sido creado correctamente
2019-03-02 10:02:03 - [ApacheVirtualHost] - Se ha configurado correctamente el dominio www.bonnie.com
2019-03-02 10:02:04 - [ApacheVirtualHost] - Configuración de apache completa para el dominio www.bonnie.com (http://www.bonnie.com)
2019-03-02 10:09:11 - [ApacheVirtualHost] - se han obtenido correctamente los datos para el dominio www.jack.com
2019-03-02 10:09:11 - [ApacheVirtualHost] - Fichero de configuración para el dominio www.jack.com generada correctamente.
2019-03-02 10:09:11 - [ApacheVirtualHost] - El usuario jack con password +45w23T7 para el dominio www.jack.com ha sido creado correctamente
2019-03-02 10:09:11 - [ApacheVirtualHost] - Se ha configurado correctamente el dominio www.jack.com
2019-03-02 10:09:11 - [ApacheVirtualHost] - Configuración de apache completa para el dominio www.jack.com (http://www.jack.com)
2019-03-02 10:09:35 - [ApacheVirtualHost] - se han obtenido correctamente los datos para el dominio www.jack.com
2019-03-02 10:09:35 - [ApacheVirtualHost] - Fichero de configuración para el dominio www.jack.com generada correctamente.
2019-03-02 10:09:35 - [ApacheVirtualHost] - El usuario jack2 con password Ml8zHIJG para el dominio www.jack.com ha sido creado correctamente
2019-03-02 10:09:35 - [ApacheVirtualHost] - Se ha configurado correctamente el dominio www.jack.com
2019-03-02 10:09:36 - [ApacheVirtualHost] - Configuración de apache completa para el dominio www.jack.com (http://www.jack.com)
2019-03-02 10:53:51 - [menu] - Acceso al Menu Principal.
2019-03-02 10:54:01 - [menu] - Acceso al Menu Principal.
2019-03-02 10:55:04 - [menu] - Acceso al Menu Principal.
2019-03-02 10:55:21 - [ApacheVirtualHost] - se han obtenido correctamente los datos para el dominio www.jack3.com
2019-03-02 10:55:21 - [ApacheVirtualHost] - Fichero de configuración para el dominio www.jack3.com generada correctamente.
2019-03-02 10:55:21 - [ApacheVirtualHost] - El usuario jack3 con password HxYcwd3V para el dominio www.jack3.com ha sido creado correctamente
2019-03-02 10:55:21 - [ApacheVirtualHost] - Se ha configurado correctamente el dominio www.jack3.com
2019-03-02 10:55:21 - [ApacheVirtualHost] - Configuración de apache completa para el dominio www.jack3.com (http://www.jack3.com)
2019-03-02 10:57:06 - [ApacheVirtualHost] - se han obtenido correctamente los datos para el dominio www.jack4.com
2019-03-02 10:57:06 - [ApacheVirtualHost] - Fichero de configuración para el dominio www.jack4.com generada correctamente.
2019-03-02 10:57:06 - [ApacheVirtualHost] - El usuario jack4 con password zertQLdP para el dominio www.jack4.com ha sido creado correctamente
2019-03-02 10:57:06 - [ApacheVirtualHost] - Se ha configurado correctamente el dominio www.jack4.com
2019-03-02 10:57:07 - [ApacheVirtualHost] - Configuración de apache completa para el dominio www.jack4.com (http://www.jack4.com)
2019-03-02 20:30:32 - [menu] - Acceso al Menu Principal.
2019-03-02 20:31:24 - [menu] - Acceso al Menu Principal.
2019-03-02 20:33:00 - [menu] - Acceso al Menu Principal.
2019-03-02 20:33:36 - [menu] - Acceso al Menu Principal.
2019-03-02 20:34:21 - [menu] - Acceso al Menu Principal.
2019-03-02 20:34:50 - [menu] - Acceso al Menu Principal.
2019-03-02 20:35:21 - [menu] - Acceso al Menu Principal.
2019-03-02 20:37:04 - [menu] - Acceso al Menu Principal.
2019-03-02 20:37:29 - [ApacheVirtualHostSSL] - Se han obtenido correctamente los datos para el dominio www.jack3.com
2019-03-02 20:39:02 - [menu] - Acceso al Menu Principal.
2019-03-02 20:39:17 - [ApacheVirtualHostSSL] - Se han obtenido correctamente los datos para el dominio www.jack3.com
2019-03-02 20:43:53 - [ApacheVirtualHostSSL] - Se han obtenido correctamente los datos para el dominio www.jack3.com
2019-03-02 20:46:24 - [ApacheVirtualHostSSL] - Se han obtenido correctamente los datos para el dominio www.jack3.com
2019-03-02 20:52:13 - [ApacheVirtualHostSSL] - Se han obtenido correctamente los datos para el dominio www.jackpatata.com
2019-03-02 20:53:19 - [ApacheVirtualHostSSL] - Se han obtenido correctamente los datos para el dominio www.patatilla.com
2019-03-02 20:53:46 - [ApacheVirtualHostSSL] - Se han obtenido correctamente los datos para el dominio kk
2019-03-02 20:54:52 - [Certificados] - Se han introducido los datos para el generar el certificado para el dominio www.miguelangel.com
2019-03-02 20:54:52 - [Certificados] - se ha generado el CSR para el dominio www.miguelangel.com en la carpeta /home/toni/Training/LinuxScripts/LinuxScripts/Certs/CSR
2019-03-02 20:54:53 - [Certificados] - se ha generado el clave privada para el dominio www.miguelangel.com en la carpeta /home/toni/Training/LinuxScripts/LinuxScripts/Certs/KEY
2019-03-02 20:54:53 - [Certificados] - se ha generado el certificado para el dominio www.miguelangel.com en la carpeta /home/toni/Training/LinuxScripts/LinuxScripts/Certs/CERT
2019-03-02 20:55:00 - [listaCertificados] - Se han encontrado 11 certificados creados
2019-03-02 20:55:40 - [ApacheVirtualHost] - Se han obtenido correctamente los datos para el dominio www.miguelangel.com
2019-03-02 20:55:40 - [ApacheVirtualHost] - Fichero de configuración para el dominio www.miguelangel.com generada correctamente.
2019-03-02 20:55:40 - [ApacheVirtualHost] - El usuario miguelangel con password 1RTrQSs0 para el dominio www.miguelangel.com ha sido creado correctamente
2019-03-02 20:55:40 - [ApacheVirtualHost] - Se ha configurado correctamente el dominio www.miguelangel.com
2019-03-02 20:55:40 - [ApacheVirtualHost] - Configuración de apache completa para el dominio www.miguelangel.com (http://www.miguelangel.com)
2019-03-02 20:56:54 - [menu] - Acceso al Menu Principal.
2019-03-02 20:57:17 - [ApacheVirtualHost] - Se han obtenido correctamente los datos para el dominio www.miguelangel.com
2019-03-02 20:57:17 - [ApacheVirtualHost] - Fichero de configuración para el dominio www.miguelangel.com generada correctamente.
2019-03-02 20:57:17 - [ApacheVirtualHost] - El usuario miguelangel con password +3L+SRIv para el dominio www.miguelangel.com ha sido creado correctamente
2019-03-02 20:57:17 - [ApacheVirtualHost] - Se ha configurado correctamente el dominio www.miguelangel.com
2019-03-02 20:57:17 - [ApacheVirtualHost] - Configuración de apache completa para el dominio www.miguelangel.com (http://www.miguelangel.com)
2019-03-02 20:57:46 - [ApacheVirtualHostSSL] - Se han obtenido correctamente los datos para el dominio www.miguelangel.com
2019-03-02 20:59:02 - [ApacheVirtualHostSSL] - Se han obtenido correctamente los datos para el dominio www.miguelangel.com
2019-03-02 21:01:16 - [ApacheVirtualHostSSL] - Se han obtenido correctamente los datos para el dominio www.miguelangel.com
2019-03-02 21:07:53 - [ApacheVirtualHostSSL] - Se han obtenido correctamente los datos para el dominio www.miguelangel.com
2019-03-02 21:15:40 - [menu] - Acceso al Menu Principal.
2019-03-02 21:16:23 - [Certificados] - Se han introducido los datos para el generar el certificado para el dominio www.prueba1.com
2019-03-02 21:16:23 - [Certificados] - se ha generado el CSR para el dominio www.prueba1.com en la carpeta /home/toni/Training/LinuxScripts/LinuxScripts/Certs/CSR
2019-03-02 21:16:24 - [Certificados] - se ha generado el clave privada para el dominio www.prueba1.com en la carpeta /home/toni/Training/LinuxScripts/LinuxScripts/Certs/KEY
2019-03-02 21:16:24 - [Certificados] - se ha generado el certificado para el dominio www.prueba1.com en la carpeta /home/toni/Training/LinuxScripts/LinuxScripts/Certs/CERT
2019-03-02 21:16:40 - [listaCertificados] - Se han encontrado 12 certificados creados
2019-03-02 21:17:16 - [ApacheVirtualHost] - Se han obtenido correctamente los datos para el dominio www.prueba1.com
2019-03-02 21:17:16 - [ApacheVirtualHost] - Fichero de configuración para el dominio www.prueba1.com generada correctamente.
2019-03-02 21:17:16 - [ApacheVirtualHost] - El usuario prueba1 con password fKHtopsv para el dominio www.prueba1.com ha sido creado correctamente
2019-03-02 21:17:16 - [ApacheVirtualHost] - Se ha configurado correctamente el dominio www.prueba1.com
2019-03-02 21:17:16 - [ApacheVirtualHost] - Configuración de apache completa para el dominio www.prueba1.com (http://www.prueba1.com)
2019-03-02 21:17:41 - [ApacheVirtualHostSSL] - Se han obtenido correctamente los datos para el dominio www.prueba1.com
2019-03-02 21:17:41 - [ApacheVirtualHostSSL] - Se han copiado los ficheros de certificado para el dominio  correctamente
2019-03-02 21:17:41 - [ApacheVirtualHostSSL] - Se ha preparado la configuracion para el dominio  correctamente
2019-03-02 21:17:41 - [ApacheVirtualHostSSL] - Configuración de apache completa para el dominio seguro www.prueba1.com (https://www.prueba1.com)
2019-03-02 21:18:21 - [menu] - Acceso al Menu Principal.
2019-03-02 21:18:32 - [menu] - Acceso al Menu Principal.
2019-03-02 21:18:54 - [menu] - Acceso al Menu Principal.
2019-03-02 21:19:13 - [ApacheVirtualHost] - Se han obtenido correctamente los datos para el dominio www.hola.com
2019-03-02 21:19:13 - [ApacheVirtualHost] - Fichero de configuración para el dominio www.hola.com generada correctamente.
2019-03-02 21:19:14 - [ApacheVirtualHost] - El usuario hola con password 7oI42vgP para el dominio www.hola.com ha sido creado correctamente
2019-03-02 21:19:14 - [ApacheVirtualHost] - Se ha configurado correctamente el dominio www.hola.com
2019-03-02 21:19:14 - [ApacheVirtualHost] - Configuración de apache completa para el dominio www.hola.com (http://www.hola.com)
2019-03-02 21:19:27 - [listaCertificados] - Se han encontrado 12 certificados creados
2019-03-02 21:20:06 - [ApacheVirtualHostSSL] - Se han obtenido correctamente los datos para el dominio www.hola.com
2019-03-02 21:20:06 - [ApacheVirtualHostSSL] - No se han encontrado los ficheros de certificado para el dominio 
2019-03-02 21:20:06 - [ApacheVirtualHostSSL] - ERROR: No ha sido posible configurar el dominio SSL 
2019-03-02 21:20:44 - [menu] - Acceso al Menu Principal.
