 - [] - 
2019-02-28 11:55:18 - [] - 
2019-02-28 11:55:30 - [] - 
2019-02-28 11:55:36 - [] - 
2019-02-28 11:56:20 - [] - 
2019-02-28 11:57:37 - [menu] - Acceso al Menu Principal
2019-02-28 12:04:31 - [listaCertificados] - Se han encontrado 1 certificados creados
2019-02-28 12:07:27 - [listaCertificados] - Se han encontrado 7 certificados creados
2019-02-28 12:08:59 - [listaCertificados] - Se han encontrado 0 certificados creados
2019-02-28 12:10:09 - [listaCertificados] - No se han encontrado certificados
2019-02-28 12:10:34 - [listaCertificados] - No se han encontrado certificados
2019-02-28 12:11:56 - [listaCertificados] - No se han encontrado certificados
2019-02-28 12:12:07 - [listaCertificados] - No se han encontrado certificados
2019-02-28 12:12:18 - [listaCertificados] - No se han encontrado certificados
2019-02-28 12:18:34 - [menu] - Acceso al Menu Principal
2019-02-28 12:19:50 - [listaCertificados] - Se han encontrado 1 certificados creados
2019-02-28 12:28:14 - [Certificados] - Se han introducido los datos para el generar el certificado para el dominio www.test4.com
2019-02-28 12:28:14 - [Certificados] - se ha generado el CSR para el dominio www.test4.com en la carpeta /home/toni/Training/LinuxScripts/LinuxScripts/Certs/CSR
2019-02-28 12:28:14 - [Certificados] - se ha generado el clave privada para el dominio www.test4.com en la carpeta /home/toni/Training/LinuxScripts/LinuxScripts/Certs/KEY
2019-02-28 12:28:14 - [Certificados] - se ha generado el certificado para el dominio www.test4.com en la carpeta /home/toni/Training/LinuxScripts/LinuxScripts/Certs/CERT
2019-02-28 12:33:00 - [menu] - Acceso al Menu Principal
2019-02-28 12:33:16 - [menu] - Acceso al Menu Principal
2019-02-28 12:33:50 - [menu] - Acceso al Menu Principal
2019-02-28 12:35:50 - [menu] - Acceso al Menu Principal
2019-02-28 12:37:33 - [menu] - Acceso al Menu Principal.
2019-02-28 12:41:16 - [menu] - Acceso al Menu Principal.
2019-02-28 12:41:47 - [Certificados] - Se han introducido los datos para el generar el certificado para el dominio www.laseu.com
2019-02-28 12:41:47 - [Certificados] - se ha generado el CSR para el dominio www.laseu.com en la carpeta /home/toni/Training/LinuxScripts/LinuxScripts/Certs/CSR
2019-02-28 12:41:47 - [Certificados] - se ha generado el clave privada para el dominio www.laseu.com en la carpeta /home/toni/Training/LinuxScripts/LinuxScripts/Certs/KEY
2019-02-28 12:41:47 - [Certificados] - se ha generado el certificado para el dominio www.laseu.com en la carpeta /home/toni/Training/LinuxScripts/LinuxScripts/Certs/CERT
